android/app/build/outputs/mapping/release/seeds.txt
com.havoc.client.data.model.HavocPacket$$serializer
com.havoc.client.data.model.PacketHead
com.havoc.client.data.model.PacketBody$$serializer
com.havoc.client.data.model.HavocPacket
com.havoc.client.MainActivity
com.havoc.client.data.model.PacketHead$$serializer
com.havoc.client.data.model.PacketBody$Companion
com.havoc.client.data.model.PacketBody
com.havoc.client.data.model.PacketHead$Companion
com.havoc.client.data.model.HavocPacket$Companion
com.havoc.client.data.model.PacketBody$$serializer: kotlinx.serialization.internal.PluginGeneratedSerialDescriptor descriptor
com.havoc.client.data.model.PacketHead$$serializer: int $stable
com.havoc.client.data.model.HavocPacket$$serializer: int $stable
com.havoc.client.data.model.PacketHead$$serializer: kotlinx.serialization.internal.PluginGeneratedSerialDescriptor descriptor
com.havoc.client.data.model.PacketHead$$serializer: com.havoc.client.data.model.PacketHead$$serializer INSTANCE
com.havoc.client.data.model.HavocPacket$$serializer: kotlinx.serialization.internal.PluginGeneratedSerialDescriptor descriptor
com.havoc.client.data.model.PacketBody$$serializer: int $stable
com.havoc.client.data.model.PacketBody: com.havoc.client.data.model.PacketBody$Companion Companion
com.havoc.client.data.model.HavocPacket$$serializer: com.havoc.client.data.model.HavocPacket$$serializer INSTANCE
com.havoc.client.data.model.PacketHead: com.havoc.client.data.model.PacketHead$Companion Companion
com.havoc.client.data.model.HavocPacket: com.havoc.client.data.model.HavocPacket$Companion Companion
com.havoc.client.data.model.PacketBody$$serializer: com.havoc.client.data.model.PacketBody$$serializer INSTANCE
com.havoc.client.data.model.PacketBody$$serializer: kotlinx.serialization.KSerializer[] childSerializers()
com.havoc.client.data.model.PacketBody$$serializer: kotlinx.serialization.KSerializer[] typeParametersSerializers()
com.havoc.client.data.model.HavocPacket$$serializer: kotlinx.serialization.KSerializer[] childSerializers()
com.havoc.client.data.model.HavocPacket$$serializer: kotlinx.serialization.KSerializer[] typeParametersSerializers()
com.havoc.client.data.model.HavocPacket$$serializer: java.lang.Object deserialize(kotlinx.serialization.encoding.Decoder)
com.havoc.client.data.model.PacketBody$$serializer: kotlinx.serialization.descriptors.SerialDescriptor getDescriptor()
com.havoc.client.data.model.HavocPacket$$serializer: void serialize(kotlinx.serialization.encoding.Encoder,java.lang.Object)
com.havoc.client.data.model.PacketBody$$serializer: void serialize(kotlinx.serialization.encoding.Encoder,java.lang.Object)
com.havoc.client.data.model.HavocPacket$$serializer: HavocPacket$$serializer()
com.havoc.client.data.model.PacketHead$$serializer: com.havoc.client.data.model.PacketHead deserialize(kotlinx.serialization.encoding.Decoder)
com.havoc.client.data.model.PacketBody$$serializer: java.lang.Object deserialize(kotlinx.serialization.encoding.Decoder)
com.havoc.client.data.model.HavocPacket$Companion: kotlinx.serialization.KSerializer serializer()
com.havoc.client.data.model.PacketHead$$serializer: java.lang.Object deserialize(kotlinx.serialization.encoding.Decoder)
com.havoc.client.data.model.PacketHead$$serializer: kotlinx.serialization.descriptors.SerialDescriptor getDescriptor()
com.havoc.client.data.model.HavocPacket$$serializer: kotlinx.serialization.descriptors.SerialDescriptor getDescriptor()
com.havoc.client.data.model.PacketBody$$serializer: void serialize(kotlinx.serialization.encoding.Encoder,com.havoc.client.data.model.PacketBody)
com.havoc.client.MainActivity: MainActivity()
com.havoc.client.data.model.HavocPacket$$serializer: void serialize(kotlinx.serialization.encoding.Encoder,com.havoc.client.data.model.HavocPacket)
com.havoc.client.ui.connect.ConnectViewModel: ConnectViewModel(android.app.Application)
com.havoc.client.data.model.PacketHead$Companion: kotlinx.serialization.KSerializer serializer()
...
androidx.versionedparcelable.CustomVersionedParcelable
androidx.compose.foundation.layout.FillElement
androidx.compose.foundation.text.modifiers.TextStringSimpleElement
kotlinx.serialization.json.JsonNull
androidx.appcompat.widget.FitWindowsFrameLayout
androidx.compose.foundation.layout.IntrinsicWidthElement
kotlinx.serialization.json.JsonArray$Companion
androidx.core.graphics.drawable.IconCompat
androidx.compose.foundation.gestures.DraggableElement
androidx.core.widget.NestedScrollView
androidx.compose.animation.EnterExitTransitionElement
kotlinx.serialization.json.JsonObject$Companion
androidx.navigation.ActivityNavigator
androidx.compose.foundation.ScrollingLayoutElement
androidx.appcompat.widget.DialogTitle
androidx.annotation.Keep
androidx.core.app.RemoteActionCompat
androidx.compose.ui.layout.OnGloballyPositionedElement
androidx.appcompat.widget.ActionBarOverlayLayout
kotlinx.serialization.internal.PluginGeneratedSerialDescriptor
androidx.navigation.NavGraphNavigator
androidx.compose.ui.graphics.GraphicsLayerElement
androidx.compose.foundation.layout.LayoutWeightElement
androidx.compose.ui.semantics.ClearAndSetSemanticsElement
androidx.appcompat.widget.SearchView$SearchAutoComplete
androidx.compose.ui.node.ForceUpdateElement
androidx.compose.ui.focus.FocusRequesterElement
androidx.compose.material3.MinimumInteractiveModifier
androidx.compose.ui.focus.FocusOwnerImpl$modifier$1
androidx.core.graphics.drawable.IconCompatParcelizer
androidx.profileinstaller.ProfileInstallReceiver
androidx.lifecycle.ProcessLifecycleInitializer
androidx.appcompat.widget.AlertDialogLayout
androidx.compose.foundation.layout.SizeElement
androidx.compose.foundation.ClickableElement
androidx.compose.foundation.text.modifiers.SelectableTextAnnotatedStringElement
androidx.compose.foundation.FocusableElement
kotlinx.coroutines.internal.StackTraceRecoveryKt
androidx.appcompat.widget.ViewStubCompat
androidx.appcompat.widget.SearchView
androidx.appcompat.widget.ActionMenuView
androidx.compose.ui.layout.LayoutIdElement
androidx.compose.foundation.BackgroundElement
okhttp3.internal.publicsuffix.PublicSuffixDatabase
androidx.compose.ui.draw.DrawWithCacheElement
androidx.compose.ui.focus.FocusTargetNode$FocusTargetElement
androidx.compose.foundation.layout.PaddingElement
androidx.compose.ui.draw.DrawWithContentElement
androidx.compose.ui.input.pointer.PointerHoverIconModifierElement
androidx.compose.ui.input.key.KeyInputElement
androidx.appcompat.widget.ActivityChooserView$InnerLayout
androidx.navigation.compose.DialogNavigator
androidx.compose.ui.platform.DragAndDropModifierOnDragListener$modifier$1
androidx.core.app.RemoteActionCompatParcelizer
androidx.appcompat.view.menu.ExpandedMenuView
kotlinx.serialization.json.JsonElement$Companion
androidx.compose.foundation.layout.PaddingValuesElement
androidx.appcompat.widget.ContentFrameLayout
kotlinx.serialization.encoding.Decoder
kotlinx.coroutines.android.AndroidDispatcherFactory
androidx.compose.ui.semantics.AppendedSemanticsElement
androidx.appcompat.widget.FitWindowsLinearLayout
androidx.appcompat.widget.ActionBarContainer
androidx.appcompat.widget.Toolbar
androidx.compose.foundation.layout.HorizontalAlignElement
androidx.compose.foundation.layout.UnspecifiedConstraintsElement
androidx.appcompat.app.AlertController$RecycleListView
androidx.compose.foundation.layout.AlignmentLineOffsetDpElement
androidx.compose.ui.semantics.EmptySemanticsElement
androidx.navigation.compose.ComposeNavGraphNavigator
androidx.compose.ui.graphics.BlockGraphicsLayerElement
androidx.compose.foundation.MagnifierElement
androidx.versionedparcelable.ParcelImpl
androidx.navigation.compose.ComposeNavigator
androidx.appcompat.view.menu.ActionMenuItemView
androidx.compose.foundation.text.modifiers.TextAnnotatedStringElement
androidx.compose.ui.input.pointer.SuspendPointerInputElement
androidx.startup.InitializationProvider
androidx.compose.ui.focus.FocusChangedElement
androidx.emoji2.text.EmojiCompatInitializer